mira_c2	C	54	187	HIGH_READ_COVERAGE 20
mira_c3	C	131	235	HIGH_READ_COVERAGE 18
mira_c3	C	344	439	HIGH_READ_COVERAGE 26
mira_c7	C	57	131	HIGH_READ_COVERAGE 20
mira_c10	C	63	135	HIGH_READ_COVERAGE 17
mira_c72	C	89	217	HIGH_READ_COVERAGE 17
mira_rep_c75	C	54	425	HIGH_READ_COVERAGE 62
mira_rep_c90	C	26	165	HIGH_READ_COVERAGE 68
mira_rep_c93	C	12	192	HIGH_READ_COVERAGE 43
mira_rep_c94	C	41	409	HIGH_READ_COVERAGE 46
mira_rep_c101	C	46	252	HIGH_READ_COVERAGE 45
mira_rep_c102	C	37	284	HIGH_READ_COVERAGE 44
mira_rep_c104	C	73	171	HIGH_READ_COVERAGE 36
mira_rep_c106	C	80	154	HIGH_READ_COVERAGE 26
mira_rep_c109	C	29	135	HIGH_READ_COVERAGE 36
mira_rep_c110	C	29	565	HIGH_READ_COVERAGE 29
mira_rep_c110	C	596	729	HIGH_READ_COVERAGE 20
mira_rep_c112	C	117	457	HIGH_READ_COVERAGE 42
mira_rep_c117	C	8	85	HIGH_READ_COVERAGE 19
mira_rep_c119	C	25	129	HIGH_READ_COVERAGE 24
mira_rep_c125	C	59	394	HIGH_READ_COVERAGE 29
mira_rep_c125	C	401	610	HIGH_READ_COVERAGE 27
mira_rep_c126	C	47	181	HIGH_READ_COVERAGE 34
mira_rep_c130	C	33	122	HIGH_READ_COVERAGE 38
mira_rep_c136	C	39	129	HIGH_READ_COVERAGE 22
mira_rep_c139	C	8	126	HIGH_READ_COVERAGE 36
mira_rep_c140	C	48	152	HIGH_READ_COVERAGE 26
mira_rep_c143	C	150	326	HIGH_READ_COVERAGE 26
mira_rep_c145	C	40	279	HIGH_READ_COVERAGE 68
mira_rep_c149	C	94	211	HIGH_READ_COVERAGE 20
mira_rep_c150	C	67	195	HIGH_READ_COVERAGE 19
mira_rep_c151	C	60	370	HIGH_READ_COVERAGE 26
mira_rep_c153	C	21	236	HIGH_READ_COVERAGE 21
mira_rep_c158	C	50	174	HIGH_READ_COVERAGE 22
mira_rep_c167	C	126	218	HIGH_READ_COVERAGE 18
mira_rep_c179	C	43	115	HIGH_READ_COVERAGE 18
mira_rep_c184	C	280	367	HIGH_READ_COVERAGE 27
mira_rep_c193	C	162	300	HIGH_READ_COVERAGE 20
mira_rep_c199	C	48	140	HIGH_READ_COVERAGE 31
mira_rep_c201	C	41	112	HIGH_READ_COVERAGE 17
mira_rep_c203	C	75	265	HIGH_READ_COVERAGE 90
mira_rep_c227	C	67	192	HIGH_READ_COVERAGE 17
mira_rep_c228	C	112	300	HIGH_READ_COVERAGE 37
mira_rep_c264	C	118	258	HIGH_READ_COVERAGE 48
mira_rep_c267	C	151	244	HIGH_READ_COVERAGE 37
mira_rep_c269	C	40	252	HIGH_READ_COVERAGE 105
mira_rep_c274	C	23	380	HIGH_READ_COVERAGE 69
mira_rep_c280	C	16	163	HIGH_READ_COVERAGE 76
mira_rep_c282	C	55	130	HIGH_READ_COVERAGE 21
mira_rep_c283	C	7	118	HIGH_READ_COVERAGE 35
mira_rep_c287	C	55	190	HIGH_READ_COVERAGE 32
mira_rep_c293	C	11	141	HIGH_READ_COVERAGE 42
mira_rep_c298	C	35	170	HIGH_READ_COVERAGE 30
mira_rep_c299	C	46	181	HIGH_READ_COVERAGE 92
mira_rep_c301	C	14	198	HIGH_READ_COVERAGE 26
mira_rep_c304	C	55	235	HIGH_READ_COVERAGE 33
mira_rep_c311	C	32	138	HIGH_READ_COVERAGE 24
mira_rep_c319	C	139	207	HIGH_READ_COVERAGE 17
mira_rep_c319	C	243	428	HIGH_READ_COVERAGE 24
mira_rep_c324	C	17	204	HIGH_READ_COVERAGE 28
mira_rep_c325	C	52	178	HIGH_READ_COVERAGE 28
mira_rep_c331	C	22	97	HIGH_READ_COVERAGE 19
mira_rep_c343	C	48	127	HIGH_READ_COVERAGE 29
mira_rep_c348	C	38	122	HIGH_READ_COVERAGE 21
mira_rep_c349	C	49	171	HIGH_READ_COVERAGE 21
mira_rep_c353	C	21	109	HIGH_READ_COVERAGE 27
mira_rep_c356	C	35	238	HIGH_READ_COVERAGE 68
mira_rep_c364	C	23	96	HIGH_READ_COVERAGE 23
mira_rep_c370	C	44	171	HIGH_READ_COVERAGE 29
mira_rep_c379	C	60	155	HIGH_READ_COVERAGE 20
mira_rep_c399	C	26	97	HIGH_READ_COVERAGE 19
mira_rep_c427	C	119	313	HIGH_READ_COVERAGE 27
mira_rep_c453	C	28	104	HIGH_READ_COVERAGE 18
mira_rep_c550	C	8	135	HIGH_READ_COVERAGE 23
mira_rep_c578	C	48	139	HIGH_READ_COVERAGE 19
mira_rep_c598	C	59	141	HIGH_READ_COVERAGE 19
mira_rep_c604	C	39	168	HIGH_READ_COVERAGE 47
mira_rep_c619	C	116	245	HIGH_READ_COVERAGE 18
mira_rep_c620	C	133	278	HIGH_READ_COVERAGE 31
mira_rep_c622	C	51	153	HIGH_READ_COVERAGE 71
mira_rep_c625	C	14	153	HIGH_READ_COVERAGE 29
mira_rep_c631	C	62	239	HIGH_READ_COVERAGE 24
mira_rep_c635	C	45	162	HIGH_READ_COVERAGE 48
mira_rep_c640	C	18	212	HIGH_READ_COVERAGE 27
mira_rep_c645	C	17	168	HIGH_READ_COVERAGE 39
mira_rep_c651	C	63	140	HIGH_READ_COVERAGE 19
mira_rep_c657	C	105	222	HIGH_READ_COVERAGE 18
mira_rep_c658	C	103	243	HIGH_READ_COVERAGE 22
mira_rep_c660	C	-1	177	HIGH_READ_COVERAGE 58
mira_rep_c664	C	135	206	HIGH_READ_COVERAGE 18
mira_rep_c666	C	156	271	HIGH_READ_COVERAGE 25
mira_rep_c668	C	50	185	HIGH_READ_COVERAGE 36
mira_rep_c669	C	30	155	HIGH_READ_COVERAGE 20
mira_rep_c673	C	58	131	HIGH_READ_COVERAGE 18
mira_rep_c678	C	59	154	HIGH_READ_COVERAGE 30
mira_rep_c680	C	2	121	HIGH_READ_COVERAGE 24
mira_rep_c684	C	54	134	HIGH_READ_COVERAGE 21
mira_rep_c685	C	20	175	HIGH_READ_COVERAGE 25
mira_rep_c689	C	31	106	HIGH_READ_COVERAGE 43
mira_rep_c691	C	39	128	HIGH_READ_COVERAGE 26
mira_rep_c694	C	58	135	HIGH_READ_COVERAGE 19
mira_rep_c695	C	83	162	HIGH_READ_COVERAGE 49
mira_rep_c705	C	46	177	HIGH_READ_COVERAGE 38
mira_rep_c711	C	44	136	HIGH_READ_COVERAGE 23
mira_rep_c714	C	111	197	HIGH_READ_COVERAGE 23
mira_rep_c722	C	46	184	HIGH_READ_COVERAGE 23
mira_rep_c727	C	54	303	HIGH_READ_COVERAGE 31
mira_rep_c730	C	10	113	HIGH_READ_COVERAGE 52
mira_rep_c739	C	59	136	HIGH_READ_COVERAGE 21
mira_rep_c745	C	5	81	HIGH_READ_COVERAGE 105
mira_rep_c751	C	67	149	HIGH_READ_COVERAGE 17
mira_rep_c752	C	49	172	HIGH_READ_COVERAGE 26
mira_rep_c761	C	24	104	HIGH_READ_COVERAGE 24
mira_rep_c766	C	49	145	HIGH_READ_COVERAGE 23
mira_rep_c790	C	92	233	HIGH_READ_COVERAGE 23
mira_rep_c802	C	12	155	HIGH_READ_COVERAGE 41
mira_rep_c805	C	134	224	HIGH_READ_COVERAGE 38
mira_rep_c807	C	44	127	HIGH_READ_COVERAGE 20
mira_rep_c825	C	29	106	HIGH_READ_COVERAGE 22
mira_rep_c839	C	33	126	HIGH_READ_COVERAGE 33
mira_rep_c861	C	11	116	HIGH_READ_COVERAGE 23
mira_rep_c866	C	51	133	HIGH_READ_COVERAGE 19
mira_rep_c894	C	7	119	HIGH_READ_COVERAGE 26
mira_rep_c902	C	9	80	HIGH_READ_COVERAGE 23
mira_rep_c908	C	52	187	HIGH_READ_COVERAGE 22
mira_rep_c909	C	22	131	HIGH_READ_COVERAGE 33
mira_rep_c915	C	3	90	HIGH_READ_COVERAGE 57
mira_rep_c939	C	97	183	HIGH_READ_COVERAGE 17
mira_rep_c951	C	36	142	HIGH_READ_COVERAGE 23
mira_rep_c960	C	5	136	HIGH_READ_COVERAGE 37
mira_rep_c985	C	36	138	HIGH_READ_COVERAGE 25
mira_rep_c1025	C	2	76	HIGH_READ_COVERAGE 33
mira_rep_c1026	C	8	117	HIGH_READ_COVERAGE 26
mira_rep_c1030	C	12	102	HIGH_READ_COVERAGE 21
mira_rep_c1031	C	112	190	HIGH_READ_COVERAGE 21
mira_rep_c1050	C	21	92	HIGH_READ_COVERAGE 24
mira_rep_c1066	C	8	79	HIGH_READ_COVERAGE 22
mira_rep_c1067	C	28	147	HIGH_READ_COVERAGE 19
mira_rep_c1073	C	4	125	HIGH_READ_COVERAGE 33
mira_rep_c1077	C	-1	123	HIGH_READ_COVERAGE 55
mira_rep_c1080	C	117	215	HIGH_READ_COVERAGE 19
mira_rep_c1093	C	54	126	HIGH_READ_COVERAGE 17
mira_rep_c1101	C	49	127	HIGH_READ_COVERAGE 37
mira_rep_c1116	C	47	150	HIGH_READ_COVERAGE 20
mira_rep_c1118	C	60	139	HIGH_READ_COVERAGE 30
mira_rep_c1119	C	31	110	HIGH_READ_COVERAGE 25
mira_rep_c1124	C	61	132	HIGH_READ_COVERAGE 17
mira_rep_c1127	C	102	184	HIGH_READ_COVERAGE 23
mira_rep_c1128	C	51	122	HIGH_READ_COVERAGE 19
mira_rep_c1133	C	8	81	HIGH_READ_COVERAGE 18
mira_rep_c1135	C	53	127	HIGH_READ_COVERAGE 20
mira_rep_c1138	C	37	114	HIGH_READ_COVERAGE 50
mira_rep_c1140	C	7	82	HIGH_READ_COVERAGE 24
mira_rep_c1141	C	14	146	HIGH_READ_COVERAGE 25
mira_rep_c1143	C	9	133	HIGH_READ_COVERAGE 24
mira_rep_c1151	C	7	78	HIGH_READ_COVERAGE 17
mira_rep_c1154	C	57	129	HIGH_READ_COVERAGE 19
mira_rep_c1156	C	4	109	HIGH_READ_COVERAGE 22
mira_rep_c1158	C	14	89	HIGH_READ_COVERAGE 21
mira_rep_c1159	C	18	89	HIGH_READ_COVERAGE 18
mira_rep_c1160	C	9	80	HIGH_READ_COVERAGE 17
mira_rep_c1163	C	15	136	HIGH_READ_COVERAGE 22
mira_rep_c1172	C	17	88	HIGH_READ_COVERAGE 17
mira_rep_c1174	C	78	199	HIGH_READ_COVERAGE 18
mira_rep_c1175	C	60	131	HIGH_READ_COVERAGE 30
mira_rep_c1177	C	63	182	HIGH_READ_COVERAGE 21
mira_rep_c1180	C	8	181	HIGH_READ_COVERAGE 23
mira_rep_c1182	C	7	81	HIGH_READ_COVERAGE 25
mira_rep_c1188	C	75	151	HIGH_READ_COVERAGE 17
mira_rep_c1200	C	13	89	HIGH_READ_COVERAGE 24
mira_rep_c1205	C	80	157	HIGH_READ_COVERAGE 18
mira_rep_c1214	C	8	142	HIGH_READ_COVERAGE 29
mira_rep_c1215	C	59	132	HIGH_READ_COVERAGE 23
mira_rep_c1219	C	15	86	HIGH_READ_COVERAGE 26
mira_rep_c1236	C	48	120	HIGH_READ_COVERAGE 18
