<html>
<head></head>
<body><table>
<tr><td><b>[Contigs]</b></td><td> </td></tr>
<tr><td>TotalContigs</td><td>634</td></tr>
<tr><td>TotalBasesInContigs</td><td>89260</td></tr>
<tr><td>MeanContigSize</td><td>140.79</td></tr>
<tr><td>MinContigSize</td><td>70</td></tr>
<tr><td>MaxContigSize</td><td>729</td></tr>
<tr><td>N50ContigBases</td><td>141</td></tr>
<tr><td> </td><td> </td></tr>
<tr><td><b>[BigContigs_greater_10000]</b></td><td> </td></tr>
<tr><td>TotalBigContigs</td><td>0</td></tr>
<tr><td>BigContigLength</td><td>0</td></tr>
<tr><td>MeanBigContigSize</td><td>0.00</td></tr>
<tr><td>MinBigContig</td><td>0</td></tr>
<tr><td>MaxBigContig</td><td>0</td></tr>
<tr><td>BigContigsPercentBases</td><td>0.00</td></tr>
<tr><td> </td><td> </td></tr>
<tr><td><b>[SmallContigs]</b></td><td> </td></tr>
<tr><td>TotalSmallContigs</td><td>634</td></tr>
<tr><td>SmallContigLength</td><td>89260</td></tr>
<tr><td>MeanSmallContigSize</td><td>140.79</td></tr>
<tr><td>MinSmallContig</td><td>70</td></tr>
<tr><td>MaxSmallContig</td><td>729</td></tr>
<tr><td>SmallContigsPercentBases</td><td>100.00</td></tr>
<tr><td> </td><td> </td></tr>
<tr><td><b>[Reads]</b></td><td> </td></tr>
<tr><td>TotalReads</td><td>428508</td></tr>
<tr><td>ReadsInContigs</td><td>10502</td></tr>
<tr><td>BigContigReads</td><td>0</td></tr>
<tr><td>SmallContigReads</td><td>10502</td></tr>
<tr><td>SingletonReads</td><td>418006</td></tr>
</table>

